2025-12-05 11:01:42 [WARNING] root - Fetch failed: ('Connection aborted.', ConnectionResetError(10054, 'An existing connection was forcibly closed by the remote host', None, 10054, None))
2025-12-05 11:01:42 [WARNING] root - Fetch failed: ('Connection aborted.', ConnectionResetError(10054, 'An existing connection was forcibly closed by the remote host', None, 10054, None))
2025-12-09 15:39:35 [WARNING] root - Fetch failed: HTTPSConnectionPool(host='www.panynj.gov', port=443): Read timed out. (read timeout=5)
2025-12-09 15:39:35 [WARNING] root - Fetch failed: HTTPSConnectionPool(host='www.panynj.gov', port=443): Read timed out. (read timeout=5)
2025-12-09 23:54:22 [WARNING] root - Fetch failed: HTTPSConnectionPool(host='www.panynj.gov', port=443): Read timed out. (read timeout=5)
2025-12-09 23:54:22 [WARNING] root - Fetch failed: HTTPSConnectionPool(host='www.panynj.gov', port=443): Read timed out. (read timeout=5)
2025-12-10 04:58:52 [WARNING] root - Fetch failed: HTTPSConnectionPool(host='www.panynj.gov', port=443): Read timed out. (read timeout=5)
2025-12-10 04:58:52 [WARNING] root - Fetch failed: HTTPSConnectionPool(host='www.panynj.gov', port=443): Read timed out. (read timeout=5)
2025-12-11 02:48:49 [WARNING] root - Fetch failed: Expecting value: line 1 column 1 (char 0)
2025-12-11 02:48:49 [WARNING] root - Fetch failed: Expecting value: line 1 column 1 (char 0)
2025-12-11 10:08:28 [WARNING] root - Fetch failed: ('Connection aborted.', ConnectionResetError(10054, 'An existing connection was forcibly closed by the remote host', None, 10054, None))
2025-12-11 10:08:28 [WARNING] root - Fetch failed: ('Connection aborted.', ConnectionResetError(10054, 'An existing connection was forcibly closed by the remote host', None, 10054, None))
2025-12-12 02:11:44 [WARNING] root - Fetch failed: ('Connection aborted.', RemoteDisconnected('Remote end closed connection without response'))
2025-12-12 02:11:44 [WARNING] root - Fetch failed: ('Connection aborted.', RemoteDisconnected('Remote end closed connection without response'))
2025-12-12 20:10:36 [WARNING] root - Fetch failed: HTTPSConnectionPool(host='www.panynj.gov', port=443): Read timed out. (read timeout=5)
2025-12-12 20:10:36 [WARNING] root - Fetch failed: HTTPSConnectionPool(host='www.panynj.gov', port=443): Read timed out. (read timeout=5)
2025-12-12 20:11:11 [WARNING] root - Fetch failed: HTTPSConnectionPool(host='www.panynj.gov', port=443): Read timed out. (read timeout=5)
2025-12-12 20:11:11 [WARNING] root - Fetch failed: HTTPSConnectionPool(host='www.panynj.gov', port=443): Read timed out. (read timeout=5)
2025-12-12 23:36:28 [WARNING] root - Fetch failed: Expecting value: line 1 column 1 (char 0)
2025-12-12 23:36:28 [WARNING] root - Fetch failed: Expecting value: line 1 column 1 (char 0)
2025-12-13 00:57:18 [WARNING] root - Fetch failed: HTTPSConnectionPool(host='www.panynj.gov', port=443): Read timed out. (read timeout=5)
2025-12-13 00:57:18 [WARNING] root - Fetch failed: HTTPSConnectionPool(host='www.panynj.gov', port=443): Read timed out. (read timeout=5)
2025-12-13 20:32:58 [WARNING] root - Fetch failed: HTTPSConnectionPool(host='www.panynj.gov', port=443): Read timed out. (read timeout=5)
2025-12-13 20:32:58 [WARNING] root - Fetch failed: HTTPSConnectionPool(host='www.panynj.gov', port=443): Read timed out. (read timeout=5)
2025-12-17 11:30:29 [WARNING] root - Fetch failed: 502 Server Error: Bad Gateway for url: https://www.panynj.gov/bin/portauthority/ridepath.json
2025-12-17 11:30:29 [WARNING] root - Fetch failed: 502 Server Error: Bad Gateway for url: https://www.panynj.gov/bin/portauthority/ridepath.json
2025-12-17 11:41:02 [WARNING] root - Fetch failed: 502 Server Error: Bad Gateway for url: https://www.panynj.gov/bin/portauthority/ridepath.json
2025-12-17 11:41:02 [WARNING] root - Fetch failed: 502 Server Error: Bad Gateway for url: https://www.panynj.gov/bin/portauthority/ridepath.json
2025-12-17 13:23:54 [WARNING] root - Fetch failed: 404 Client Error: Not Found for url: https://www.panynj.gov/bin/portauthority/ridepath.json
2025-12-17 13:23:54 [WARNING] root - Fetch failed: 404 Client Error: Not Found for url: https://www.panynj.gov/bin/portauthority/ridepath.json
2025-12-17 13:24:24 [WARNING] root - Fetch failed: Expecting value: line 1 column 1 (char 0)
2025-12-17 13:24:24 [WARNING] root - Fetch failed: Expecting value: line 1 column 1 (char 0)
2025-12-17 13:33:57 [WARNING] root - Fetch failed: HTTPSConnectionPool(host='www.panynj.gov', port=443): Read timed out. (read timeout=5)
2025-12-17 13:33:57 [WARNING] root - Fetch failed: HTTPSConnectionPool(host='www.panynj.gov', port=443): Read timed out. (read timeout=5)
2025-12-18 20:18:19 [WARNING] root - Fetch failed: HTTPSConnectionPool(host='www.panynj.gov', port=443): Read timed out. (read timeout=5)
2025-12-18 20:18:19 [WARNING] root - Fetch failed: HTTPSConnectionPool(host='www.panynj.gov', port=443): Read timed out. (read timeout=5)
2025-12-18 21:18:25 [WARNING] root - Fetch failed: HTTPSConnectionPool(host='www.panynj.gov', port=443): Read timed out. (read timeout=5)
2025-12-18 21:18:25 [WARNING] root - Fetch failed: HTTPSConnectionPool(host='www.panynj.gov', port=443): Read timed out. (read timeout=5)
2025-12-19 03:03:41 [WARNING] root - Fetch failed: HTTPSConnectionPool(host='www.panynj.gov', port=443): Read timed out. (read timeout=5)
2025-12-19 03:03:41 [WARNING] root - Fetch failed: HTTPSConnectionPool(host='www.panynj.gov', port=443): Read timed out. (read timeout=5)
2025-12-19 07:04:38 [WARNING] root - Fetch failed: ('Connection aborted.', ConnectionResetError(10054, 'An existing connection was forcibly closed by the remote host', None, 10054, None))
2025-12-19 07:04:38 [WARNING] root - Fetch failed: ('Connection aborted.', ConnectionResetError(10054, 'An existing connection was forcibly closed by the remote host', None, 10054, None))
2025-12-19 10:48:51 [WARNING] root - Fetch failed: Expecting value: line 1 column 1 (char 0)
2025-12-19 10:48:51 [WARNING] root - Fetch failed: Expecting value: line 1 column 1 (char 0)
2025-12-19 10:49:21 [WARNING] root - Fetch failed: Expecting value: line 1 column 1 (char 0)
2025-12-19 10:49:21 [WARNING] root - Fetch failed: Expecting value: line 1 column 1 (char 0)
2025-12-20 21:50:17 [WARNING] root - Fetch failed: HTTPSConnectionPool(host='www.panynj.gov', port=443): Read timed out. (read timeout=5)
2025-12-20 21:50:17 [WARNING] root - Fetch failed: HTTPSConnectionPool(host='www.panynj.gov', port=443): Read timed out. (read timeout=5)
2025-12-21 00:21:07 [WARNING] root - Fetch failed: HTTPSConnectionPool(host='www.panynj.gov', port=443): Read timed out. (read timeout=5)
2025-12-21 00:21:07 [WARNING] root - Fetch failed: HTTPSConnectionPool(host='www.panynj.gov', port=443): Read timed out. (read timeout=5)
2025-12-21 00:23:41 [WARNING] root - Fetch failed: Expecting value: line 1 column 1 (char 0)
2025-12-21 00:23:41 [WARNING] root - Fetch failed: Expecting value: line 1 column 1 (char 0)
2025-12-21 17:58:19 [WARNING] root - Fetch failed: HTTPSConnectionPool(host='www.panynj.gov', port=443): Read timed out. (read timeout=5)
2025-12-21 17:58:19 [WARNING] root - Fetch failed: HTTPSConnectionPool(host='www.panynj.gov', port=443): Read timed out. (read timeout=5)
2026-01-04 02:57:27 [WARNING] root - Fetch failed: HTTPSConnectionPool(host='www.panynj.gov', port=443): Read timed out. (read timeout=5)
2026-01-04 02:57:27 [WARNING] root - Fetch failed: HTTPSConnectionPool(host='www.panynj.gov', port=443): Read timed out. (read timeout=5)
2026-01-04 12:26:26 [WARNING] root - Fetch failed: HTTPSConnectionPool(host='www.panynj.gov', port=443): Read timed out. (read timeout=5)
2026-01-04 12:26:26 [WARNING] root - Fetch failed: HTTPSConnectionPool(host='www.panynj.gov', port=443): Read timed out. (read timeout=5)
2026-01-04 12:27:07 [WARNING] root - Fetch failed: HTTPSConnectionPool(host='www.panynj.gov', port=443): Max retries exceeded with url: /bin/portauthority/ridepath.json (Caused by NameResolutionError("HTTPSConnection(host='www.panynj.gov', port=443): Failed to resolve 'www.panynj.gov' ([Errno 11001] getaddrinfo failed)"))
2026-01-04 12:27:07 [WARNING] root - Fetch failed: HTTPSConnectionPool(host='www.panynj.gov', port=443): Max retries exceeded with url: /bin/portauthority/ridepath.json (Caused by NameResolutionError("HTTPSConnection(host='www.panynj.gov', port=443): Failed to resolve 'www.panynj.gov' ([Errno 11001] getaddrinfo failed)"))
